7zxa.dll
WinRAR.exe
Rar.exe
Uninstall.lst
Order.htm
Licencja.txt
Descript.ion
Uninstall.exe
RarFiles.lst
CzytajTo.txt
WinRAR.chm
CoNowego.txt
RarExt.dll
UnRAR.exe
Default.SFX
Zip.SFX
Rar.txt
WinCon.SFX
rarlng.dll
rar.lng
rarext.lng
setup.lng
sfx.lng
uninstall.lng
winrar.lng
rarnew.dat
zipnew.dat
RarExt64.dll
Default64.SFX
Zip64.SFX
WinCon64.SFX
RarExt32.dll
winrar.chw
Default64.SFX
Zip64.SFX
WinCon64.SFX
RarExt32.dll
RarExtInstaller.exe
RarExtInstaller.exe.manifest
RarExtPackage.msix
RarExtLogo.altform-unplated_targetsize-32.png
RarExtLogo.altform-unplated_targetsize-48.png
RarExtLogo.altform-unplated_targetsize-64.png
RarExtLogo_Default.altform-unplated_targetsize-32.png
RarExtLogo_Default.altform-unplated_targetsize-48.png
RarExtLogo_Default.altform-unplated_targetsize-64.png
Resources.pri
